[22:13:01] [ServerMain/INFO]: Building unoptimized datafixer
[22:13:02] [ServerMain/INFO]: Environment: authHost='https://authserver.mojang.com', accountsHost='https://api.mojang.com', sessionHost='https://sessionserver.mojang.com', servicesHost='https://api.minecraftservices.com', name='PROD'
[22:13:03] [ServerMain/INFO]: Loaded 7 recipes
[22:13:04] [Server thread/INFO]: Starting minecraft server version 1.19.3
[22:13:04] [Server thread/INFO]: Loading properties
[22:13:04] [Server thread/INFO]: This server is running CraftBukkit version 3670-Spigot-454acb7-bd29f41 (MC: 1.19.3) (Implementing API version 1.19.3-R0.1-SNAPSHOT)
[22:13:04] [Server thread/INFO]: Debug logging is disabled
[22:13:04] [Server thread/INFO]: Server Ping Player Sample Count: 12
[22:13:04] [Server thread/INFO]: Using 4 threads for Netty based IO
[22:13:04] [Server thread/INFO]: Default game type: SURVIVAL
[22:13:04] [Server thread/INFO]: Generating keypair
[22:13:04] [Server thread/INFO]: Starting Minecraft server on *:25565
[22:13:04] [Server thread/INFO]: Using default channel type
[22:13:05] [Server thread/INFO]: [PluginExercice] Loading PluginExercice v1.0-SNAPSHOT
[22:13:05] [Server thread/INFO]: Preparing level "world"
[22:13:05] [Server thread/INFO]: -------- World Settings For [world] --------
[22:13:05] [Server thread/INFO]: Allow Zombie Pigmen to spawn from portal blocks: true
[22:13:05] [Server thread/INFO]: Mob Spawn Range: 6
[22:13:05] [Server thread/INFO]: Experience Merge Radius: 3.0
[22:13:05] [Server thread/INFO]: Zombie Aggressive Towards Villager: true
[22:13:05] [Server thread/INFO]: Arrow Despawn Rate: 1200 Trident Respawn Rate:1200
[22:13:05] [Server thread/INFO]: Item Despawn Rate: 6000
[22:13:05] [Server thread/INFO]: Item Merge Radius: 2.5
[22:13:05] [Server thread/INFO]: Simulation Distance: 10
[22:13:05] [Server thread/INFO]: View Distance: 10
[22:13:05] [Server thread/INFO]: Cactus Growth Modifier: 100%
[22:13:05] [Server thread/INFO]: Cane Growth Modifier: 100%
[22:13:05] [Server thread/INFO]: Melon Growth Modifier: 100%
[22:13:05] [Server thread/INFO]: Mushroom Growth Modifier: 100%
[22:13:05] [Server thread/INFO]: Pumpkin Growth Modifier: 100%
[22:13:05] [Server thread/INFO]: Sapling Growth Modifier: 100%
[22:13:05] [Server thread/INFO]: Beetroot Growth Modifier: 100%
[22:13:05] [Server thread/INFO]: Carrot Growth Modifier: 100%
[22:13:05] [Server thread/INFO]: Potato Growth Modifier: 100%
[22:13:05] [Server thread/INFO]: Wheat Growth Modifier: 100%
[22:13:05] [Server thread/INFO]: NetherWart Growth Modifier: 100%
[22:13:05] [Server thread/INFO]: Vine Growth Modifier: 100%
[22:13:05] [Server thread/INFO]: Cocoa Growth Modifier: 100%
[22:13:05] [Server thread/INFO]: Bamboo Growth Modifier: 100%
[22:13:05] [Server thread/INFO]: SweetBerry Growth Modifier: 100%
[22:13:05] [Server thread/INFO]: Kelp Growth Modifier: 100%
[22:13:05] [Server thread/INFO]: TwistingVines Growth Modifier: 100%
[22:13:05] [Server thread/INFO]: WeepingVines Growth Modifier: 100%
[22:13:05] [Server thread/INFO]: CaveVines Growth Modifier: 100%
[22:13:05] [Server thread/INFO]: Entity Tracking Range: Pl 48 / An 48 / Mo 48 / Mi 32 / Other 64
[22:13:05] [Server thread/INFO]: Entity Activation Range: An 32 / Mo 32 / Ra 48 / Mi 16 / Tiv true / Isa false
[22:13:05] [Server thread/INFO]: Custom Map Seeds:  Village: 10387312 Desert: 14357617 Igloo: 14357618 Jungle: 14357619 Swamp: 14357620 Monument: 10387313 Ocean: 14357621 Shipwreck: 165745295 End City: 10387313 Slime: 987234911 Nether: 30084232 Mansion: 10387319 Fossil: 14357921 Portal: 34222645
[22:13:05] [Server thread/INFO]: Hopper Transfer: 8 Hopper Check: 1 Hopper Amount: 1 Hopper Can Load Chunks: false
[22:13:05] [Server thread/INFO]: Tile Max Tick Time: 50ms Entity max Tick Time: 50ms
[22:13:05] [Server thread/INFO]: Max TNT Explosions: 100
[22:13:05] [Server thread/INFO]: Nerfing mobs spawned from spawners: false
[22:13:05] [Server thread/INFO]: -------- World Settings For [world_nether] --------
[22:13:05] [Server thread/INFO]: Allow Zombie Pigmen to spawn from portal blocks: true
[22:13:05] [Server thread/INFO]: Mob Spawn Range: 6
[22:13:05] [Server thread/INFO]: Experience Merge Radius: 3.0
[22:13:05] [Server thread/INFO]: Zombie Aggressive Towards Villager: true
[22:13:05] [Server thread/INFO]: Arrow Despawn Rate: 1200 Trident Respawn Rate:1200
[22:13:05] [Server thread/INFO]: Item Despawn Rate: 6000
[22:13:05] [Server thread/INFO]: Item Merge Radius: 2.5
[22:13:05] [Server thread/INFO]: Simulation Distance: 10
[22:13:05] [Server thread/INFO]: View Distance: 10
[22:13:05] [Server thread/INFO]: Cactus Growth Modifier: 100%
[22:13:05] [Server thread/INFO]: Cane Growth Modifier: 100%
[22:13:05] [Server thread/INFO]: Melon Growth Modifier: 100%
[22:13:05] [Server thread/INFO]: Mushroom Growth Modifier: 100%
[22:13:05] [Server thread/INFO]: Pumpkin Growth Modifier: 100%
[22:13:05] [Server thread/INFO]: Sapling Growth Modifier: 100%
[22:13:05] [Server thread/INFO]: Beetroot Growth Modifier: 100%
[22:13:05] [Server thread/INFO]: Carrot Growth Modifier: 100%
[22:13:05] [Server thread/INFO]: Potato Growth Modifier: 100%
[22:13:05] [Server thread/INFO]: Wheat Growth Modifier: 100%
[22:13:05] [Server thread/INFO]: NetherWart Growth Modifier: 100%
[22:13:05] [Server thread/INFO]: Vine Growth Modifier: 100%
[22:13:05] [Server thread/INFO]: Cocoa Growth Modifier: 100%
[22:13:05] [Server thread/INFO]: Bamboo Growth Modifier: 100%
[22:13:05] [Server thread/INFO]: SweetBerry Growth Modifier: 100%
[22:13:05] [Server thread/INFO]: Kelp Growth Modifier: 100%
[22:13:05] [Server thread/INFO]: TwistingVines Growth Modifier: 100%
[22:13:05] [Server thread/INFO]: WeepingVines Growth Modifier: 100%
[22:13:05] [Server thread/INFO]: CaveVines Growth Modifier: 100%
[22:13:05] [Server thread/INFO]: Entity Tracking Range: Pl 48 / An 48 / Mo 48 / Mi 32 / Other 64
[22:13:05] [Server thread/INFO]: Entity Activation Range: An 32 / Mo 32 / Ra 48 / Mi 16 / Tiv true / Isa false
[22:13:05] [Server thread/INFO]: Custom Map Seeds:  Village: 10387312 Desert: 14357617 Igloo: 14357618 Jungle: 14357619 Swamp: 14357620 Monument: 10387313 Ocean: 14357621 Shipwreck: 165745295 End City: 10387313 Slime: 987234911 Nether: 30084232 Mansion: 10387319 Fossil: 14357921 Portal: 34222645
[22:13:05] [Server thread/INFO]: Hopper Transfer: 8 Hopper Check: 1 Hopper Amount: 1 Hopper Can Load Chunks: false
[22:13:05] [Server thread/INFO]: Tile Max Tick Time: 50ms Entity max Tick Time: 50ms
[22:13:05] [Server thread/INFO]: Max TNT Explosions: 100
[22:13:05] [Server thread/INFO]: Nerfing mobs spawned from spawners: false
[22:13:06] [Server thread/INFO]: -------- World Settings For [world_the_end] --------
[22:13:06] [Server thread/INFO]: Allow Zombie Pigmen to spawn from portal blocks: true
[22:13:06] [Server thread/INFO]: Mob Spawn Range: 6
[22:13:06] [Server thread/INFO]: Experience Merge Radius: 3.0
[22:13:06] [Server thread/INFO]: Zombie Aggressive Towards Villager: true
[22:13:06] [Server thread/INFO]: Arrow Despawn Rate: 1200 Trident Respawn Rate:1200
[22:13:06] [Server thread/INFO]: Item Despawn Rate: 6000
[22:13:06] [Server thread/INFO]: Item Merge Radius: 2.5
[22:13:06] [Server thread/INFO]: Simulation Distance: 10
[22:13:06] [Server thread/INFO]: View Distance: 10
[22:13:06] [Server thread/INFO]: Cactus Growth Modifier: 100%
[22:13:06] [Server thread/INFO]: Cane Growth Modifier: 100%
[22:13:06] [Server thread/INFO]: Melon Growth Modifier: 100%
[22:13:06] [Server thread/INFO]: Mushroom Growth Modifier: 100%
[22:13:06] [Server thread/INFO]: Pumpkin Growth Modifier: 100%
[22:13:06] [Server thread/INFO]: Sapling Growth Modifier: 100%
[22:13:06] [Server thread/INFO]: Beetroot Growth Modifier: 100%
[22:13:06] [Server thread/INFO]: Carrot Growth Modifier: 100%
[22:13:06] [Server thread/INFO]: Potato Growth Modifier: 100%
[22:13:06] [Server thread/INFO]: Wheat Growth Modifier: 100%
[22:13:06] [Server thread/INFO]: NetherWart Growth Modifier: 100%
[22:13:06] [Server thread/INFO]: Vine Growth Modifier: 100%
[22:13:06] [Server thread/INFO]: Cocoa Growth Modifier: 100%
[22:13:06] [Server thread/INFO]: Bamboo Growth Modifier: 100%
[22:13:06] [Server thread/INFO]: SweetBerry Growth Modifier: 100%
[22:13:06] [Server thread/INFO]: Kelp Growth Modifier: 100%
[22:13:06] [Server thread/INFO]: TwistingVines Growth Modifier: 100%
[22:13:06] [Server thread/INFO]: WeepingVines Growth Modifier: 100%
[22:13:06] [Server thread/INFO]: CaveVines Growth Modifier: 100%
[22:13:06] [Server thread/INFO]: Entity Tracking Range: Pl 48 / An 48 / Mo 48 / Mi 32 / Other 64
[22:13:06] [Server thread/INFO]: Entity Activation Range: An 32 / Mo 32 / Ra 48 / Mi 16 / Tiv true / Isa false
[22:13:06] [Server thread/INFO]: Custom Map Seeds:  Village: 10387312 Desert: 14357617 Igloo: 14357618 Jungle: 14357619 Swamp: 14357620 Monument: 10387313 Ocean: 14357621 Shipwreck: 165745295 End City: 10387313 Slime: 987234911 Nether: 30084232 Mansion: 10387319 Fossil: 14357921 Portal: 34222645
[22:13:06] [Server thread/INFO]: Hopper Transfer: 8 Hopper Check: 1 Hopper Amount: 1 Hopper Can Load Chunks: false
[22:13:06] [Server thread/INFO]: Tile Max Tick Time: 50ms Entity max Tick Time: 50ms
[22:13:06] [Server thread/INFO]: Max TNT Explosions: 100
[22:13:06] [Server thread/INFO]: Nerfing mobs spawned from spawners: false
[22:13:06] [Server thread/INFO]: Preparing start region for dimension minecraft:overworld
[22:13:08] [Worker-Main-9/INFO]: Preparing spawn area: 0%
[22:13:08] [Worker-Main-2/INFO]: Preparing spawn area: 0%
[22:13:08] [Worker-Main-9/INFO]: Preparing spawn area: 0%
[22:13:08] [Worker-Main-9/INFO]: Preparing spawn area: 0%
[22:13:08] [Worker-Main-9/INFO]: Preparing spawn area: 0%
[22:13:08] [Worker-Main-2/INFO]: Preparing spawn area: 15%
[22:13:08] [Server thread/INFO]: Time elapsed: 2745 ms
[22:13:08] [Server thread/INFO]: Preparing start region for dimension minecraft:the_nether
[22:13:10] [Worker-Main-9/INFO]: Preparing spawn area: 0%
[22:13:10] [Worker-Main-1/INFO]: Preparing spawn area: 0%
[22:13:10] [Worker-Main-2/INFO]: Preparing spawn area: 0%
[22:13:10] [Worker-Main-4/INFO]: Preparing spawn area: 0%
[22:13:10] [Worker-Main-3/INFO]: Preparing spawn area: 0%
[22:13:11] [Worker-Main-6/INFO]: Preparing spawn area: 98%
[22:13:11] [Server thread/INFO]: Time elapsed: 2533 ms
[22:13:11] [Server thread/INFO]: Preparing start region for dimension minecraft:the_end
[22:13:12] [Worker-Main-1/INFO]: Preparing spawn area: 0%
[22:13:12] [Worker-Main-3/INFO]: Preparing spawn area: 0%
[22:13:12] [Worker-Main-4/INFO]: Preparing spawn area: 0%
[22:13:12] [Worker-Main-10/INFO]: Preparing spawn area: 31%
[22:13:13] [Server thread/INFO]: Time elapsed: 1745 ms
[22:13:13] [Server thread/INFO]: [PluginExercice] Enabling PluginExercice v1.0-SNAPSHOT
[22:13:13] [Server thread/INFO]: Hôtel des ventes lancé !
[22:13:13] [Server thread/INFO]: Commandes chargées
[22:13:13] [Server thread/INFO]: Server permissions file permissions.yml is empty, ignoring it
[22:13:13] [Server thread/INFO]: Done (8.057s)! For help, type "help"
[22:13:17] [User Authenticator #1/INFO]: UUID of player Nebich_ is c911fbbb-4012-405a-94fe-85ecf71a3499
[22:13:17] [Server thread/INFO]: Nebich_ joined the game
[22:13:17] [Server thread/INFO]: Nebich_[/127.0.0.1:56624] logged in with entity id 271 at ([world]-9.15590594473767, 72.0, -34.60680947161943)
[22:13:20] [Server thread/INFO]: Nebich_ issued server command: /hdv
[22:13:32] [Server thread/INFO]: Nebich_ issued server command: /hdv
[22:13:43] [Server thread/INFO]: Stopping the server
[22:13:43] [Server thread/INFO]: Stopping server
[22:13:43] [Server thread/INFO]: [PluginExercice] Disabling PluginExercice v1.0-SNAPSHOT
[22:13:43] [Server thread/INFO]: Hôtel des ventes éteint !
[22:13:43] [Server thread/INFO]: Saving players
[22:13:43] [Server thread/INFO]: Nebich_ lost connection: Server closed
[22:13:43] [Server thread/INFO]: Nebich_ left the game.
[22:13:43] [Server thread/INFO]: Saving worlds
[22:13:45] [Server thread/INFO]: Saving chunks for level 'ServerLevel[world]'/minecraft:overworld
[22:13:45] [Server thread/INFO]: Saving chunks for level 'ServerLevel[world_nether]'/minecraft:the_nether
[22:13:45] [Server thread/INFO]: Saving chunks for level 'ServerLevel[world_the_end]'/minecraft:the_end
[22:13:45] [Server thread/INFO]: ThreadedAnvilChunkStorage (world): All chunks are saved
[22:13:45] [Server thread/INFO]: ThreadedAnvilChunkStorage (DIM-1): All chunks are saved
[22:13:45] [Server thread/INFO]: ThreadedAnvilChunkStorage (DIM1): All chunks are saved
[22:13:45] [Server thread/INFO]: ThreadedAnvilChunkStorage: All dimensions are saved
